<?xml version="1.0" encoding="UTF-8"?>
<!-- Generated by org.testng.reporters.JUnitXMLReporter -->
<<<<<<< HEAD
<testsuite hostname="saroj-HP" name="Test" tests="25" failures="2" timestamp="5 Apr 2020 05:47:01 GMT" time="153.929" errors="0">
  <testcase name="verifyLoginPageTitleTest" time="2.463" classname="com.tests.CreateAccountPageTest"/>
  <testcase name="createAccountTest" time="8.172" classname="com.tests.CreateAccountPageTest"/>
  <testcase name="verifyAccountTest" time="0.197" classname="com.tests.CreateAccountPageTest">
    <skipped/>
  </testcase> <!-- verifyAccountTest -->
  <testcase name="verifyAccountTest" time="0.126" classname="com.tests.CreateAccountPageTest">
    <skipped/>
  </testcase> <!-- verifyAccountTest -->
  <testcase name="verifyAccountTest" time="0.125" classname="com.tests.CreateAccountPageTest">
    <failure type="java.lang.AssertionError" message="user not matched expected [SidhiPatel] but found [Sidhi Patel]">
      <![CDATA[java.lang.AssertionError: user not matched expected [SidhiPatel] but found [Sidhi Patel]
	at com.tests.CreateAccountPageTest.verifyAccountTest(CreateAccountPageTest.java:41)
... Removed 30 stack frames]]>
    </failure>
  </testcase> <!-- verifyAccountTest -->
  <testcase name="verifyLoginPageTitleTest" time="1.563" classname="com.tests.LoginPageTest">
    <skipped/>
  </testcase> <!-- verifyLoginPageTitleTest -->
  <testcase name="verifyLoginPageTitleTest" time="2.254" classname="com.tests.LoginPageTest">
    <skipped/>
  </testcase> <!-- verifyLoginPageTitleTest -->
  <testcase name="verifyLoginPageTitleTest" time="1.926" classname="com.tests.LoginPageTest">
=======
<testsuite hostname="DESKTOP-20N6VSN" ignored="0" name="Test" tests="16" failures="4" timestamp="2020-03-25T18:55:47 IST" time="498.496" errors="0">
  <testcase name="@BeforeClass setUp" time="312.852" classname="com.tests.AddToCartPageTest">
    <failure type="org.openqa.selenium.TimeoutException" message="timeout
  (Session info: chrome=80.0.3987.149)
Build info: version: &amp;apos;3.141.59&amp;apos;, revision: &amp;apos;e82be7d358&amp;apos;, time: &amp;apos;2018-11-14T08:17:03&amp;apos;
System info: host: &amp;apos;DESKTOP-20N6VSN&amp;apos;, ip: &amp;apos;192.168.99.1&amp;apos;, os.name: &amp;apos;Windows 8.1&amp;apos;, os.arch: &amp;apos;amd64&amp;apos;, os.version: &amp;apos;6.3&amp;apos;, java.version: &amp;apos;1.8.0_51&amp;apos;
Driver info: org.openqa.selenium.chrome.ChromeDriver
Capabilities {acceptInsecureCerts: false, browserName: chrome, browserVersion: 80.0.3987.149, chrome: {chromedriverVersion: 79.0.3945.36 (3582db32b3389..., userDataDir: C:\Users\Acer\AppData\Local...}, goog:chromeOptions: {debuggerAddress: localhost:64747}, javascriptEnabled: true, networkConnectionEnabled: false, pageLoadStrategy: normal, platform: WINDOWS, platformName: WINDOWS, proxy: Proxy(), setWindowRect: true, strictFileInteractability: false, timeouts: {implicit: 0, pageLoad: 300000, script: 30000}, unhandledPromptBehavior: dismiss and notify}
Session ID: 3fd10fe34d1ea8e207ee2f1d34b58aa1">
      <![CDATA[org.openqa.selenium.TimeoutException: timeout
  (Session info: chrome=80.0.3987.149)
Build info: version: '3.141.59', revision: 'e82be7d358', time: '2018-11-14T08:17:03'
System info: host: 'DESKTOP-20N6VSN', ip: '192.168.99.1', os.name: 'Windows 8.1', os.arch: 'amd64', os.version: '6.3', java.version: '1.8.0_51'
Driver info: org.openqa.selenium.chrome.ChromeDriver
Capabilities {acceptInsecureCerts: false, browserName: chrome, browserVersion: 80.0.3987.149, chrome: {chromedriverVersion: 79.0.3945.36 (3582db32b3389..., userDataDir: C:\Users\Acer\AppData\Local...}, goog:chromeOptions: {debuggerAddress: localhost:64747}, javascriptEnabled: true, networkConnectionEnabled: false, pageLoadStrategy: normal, platform: WINDOWS, platformName: WINDOWS, proxy: Proxy(), setWindowRect: true, strictFileInteractability: false, timeouts: {implicit: 0, pageLoad: 300000, script: 30000}, unhandledPromptBehavior: dismiss and notify}
Session ID: 3fd10fe34d1ea8e207ee2f1d34b58aa1
at org.openqa.selenium.remote.http.W3CHttpResponseCodec.createException(W3CHttpResponseCodec.java:187)
at org.openqa.selenium.remote.http.W3CHttpResponseCodec.decode(W3CHttpResponseCodec.java:122)
at org.openqa.selenium.remote.http.W3CHttpResponseCodec.decode(W3CHttpResponseCodec.java:49)
at org.openqa.selenium.remote.HttpCommandExecutor.execute(HttpCommandExecutor.java:158)
at org.openqa.selenium.remote.service.DriverCommandExecutor.execute(DriverCommandExecutor.java:83)
at org.openqa.selenium.remote.RemoteWebDriver.execute(RemoteWebDriver.java:552)
at org.openqa.selenium.remote.RemoteWebDriver.get(RemoteWebDriver.java:277)
at com.base.base.initialization(base.java:44)
at com.tests.AddToCartPageTest.setUp(AddToCartPageTest.java:25)
at java.util.ArrayList.forEach(ArrayList.java:1249)
... Removed 30 stack frames]]>
    </failure>
  </testcase> <!-- @BeforeClass setUp -->
  <testcase name="@AfterClass tearDown" time="-1.585142746806E9" classname="com.tests.AddToCartPageTest">
    <skipped/>
  </testcase> <!-- @AfterClass tearDown -->
  <testcase name="verifyLoginPageTitleTest" time="8.748" classname="com.tests.LoginPageTest">
    <skipped/>
  </testcase> <!-- verifyLoginPageTitleTest -->
  <testcase name="verifyLoginPageTitleTest" time="4.405" classname="com.tests.LoginPageTest">
    <skipped/>
  </testcase> <!-- verifyLoginPageTitleTest -->
  <testcase name="verifyLoginPageTitleTest" time="14.094" classname="com.tests.LoginPageTest">
>>>>>>> 0b7084c627ade4ac05962fefffb3782abf1a2995
    <failure type="java.lang.AssertionError" message="expected [Login - My Store.] but found [Login - My Store]">
      <![CDATA[java.lang.AssertionError: expected [Login - My Store.] but found [Login - My Store]
at com.tests.LoginPageTest.verifyLoginPageTitleTest(LoginPageTest.java:39)
at java.util.ArrayList.forEach(ArrayList.java:1249)
... Removed 33 stack frames]]>
    </failure>
  </testcase> <!-- verifyLoginPageTitleTest -->
<<<<<<< HEAD
  <testcase name="loginTest" time="2.74" classname="com.tests.LoginPageTest"/>
  <testcase name="verifyLoginTest" time="0.129" classname="com.tests.LoginPageTest"/>
  <testcase name="verifyAccountPageTitleTest" time="0.018" classname="com.tests.LoginPageTest"/>
  <testcase name="verifyLoginTest" time="0.139" classname="com.tests.AddToCartPageTest"/>
  <testcase name="verifyWomenStorePageTitle" time="5.885" classname="com.tests.AddToCartPageTest"/>
  <testcase name="verifyaddProductToCartTest" time="9.75" classname="com.tests.AddToCartPageTest"/>
  <testcase name="navigateToCheckoutPageTest" time="2.011" classname="com.tests.AddToCartPageTest"/>
  <testcase name="verifyaddProductToCartTest" time="13.351" classname="com.tests.CheckoutProcessPageTest"/>
  <testcase name="navigateToCheckoutPageTest" time="2.667" classname="com.tests.CheckoutProcessPageTest"/>
  <testcase name="verifyOrderPageTitleTest" time="0.03" classname="com.tests.CheckoutProcessPageTest"/>
  <testcase name="verifySummaryTab" time="0.415" classname="com.tests.CheckoutProcessPageTest"/>
  <testcase name="checkTermsOfService" time="6.067" classname="com.tests.CheckoutProcessPageTest"/>
  <testcase name="verifyPaymentTab" time="0.23" classname="com.tests.CheckoutProcessPageTest"/>
  <testcase name="paymentProcessTest" time="5.898" classname="com.tests.CheckoutProcessPageTest"/>
  <testcase name="verifyOrderConfirmationPageTitleTest" time="0.035" classname="com.tests.CheckoutProcessPageTest"/>
  <testcase name="verifyorderConfirmationMsgTest" time="0.085" classname="com.tests.CheckoutProcessPageTest"/>
  <testcase name="verifyAmountOrderHistoryTest" time="4.319" classname="com.tests.CheckoutProcessPageTest"/>
=======
  <testcase name="loginTest" time="0.038" classname="com.tests.LoginPageTest">
    <skipped/>
  </testcase> <!-- loginTest -->
  <testcase name="loginTest" time="0.035" classname="com.tests.LoginPageTest">
    <skipped/>
  </testcase> <!-- loginTest -->
  <testcase name="loginTest" time="0.031" classname="com.tests.LoginPageTest">
    <failure type="java.lang.IllegalArgumentException" message="Keys to send should be a not null CharSequence">
      <![CDATA[java.lang.IllegalArgumentException: Keys to send should be a not null CharSequence
at org.openqa.selenium.remote.RemoteWebElement.sendKeys(RemoteWebElement.java:97)
at org.openqa.selenium.support.pagefactory.internal.LocatingElementHandler.invoke(LocatingElementHandler.java:51)
at com.sun.proxy.$Proxy9.sendKeys(Unknown Source)
at com.pages.LoginPage.login(LoginPage.java:30)
at com.tests.LoginPageTest.loginTest(LoginPageTest.java:47)
at java.util.ArrayList.forEach(ArrayList.java:1249)
... Removed 32 stack frames]]>
    </failure>
  </testcase> <!-- loginTest -->
  <testcase name="verifyLoginTest" time="15.263" classname="com.tests.LoginPageTest">
    <skipped/>
  </testcase> <!-- verifyLoginTest -->
  <testcase name="verifyLoginTest" time="15.024" classname="com.tests.LoginPageTest">
    <skipped/>
  </testcase> <!-- verifyLoginTest -->
  <testcase name="verifyLoginTest" time="15.033" classname="com.tests.LoginPageTest">
    <failure type="org.openqa.selenium.NoSuchElementException" message="no such element: Unable to locate element: {&amp;quot;method&amp;quot;:&amp;quot;xpath&amp;quot;,&amp;quot;selector&amp;quot;:&amp;quot;//a[@class=&amp;apos;account&amp;apos;]//span&amp;quot;}
  (Session info: chrome=80.0.3987.149)
For documentation on this error, please visit: https://www.seleniumhq.org/exceptions/no_such_element.html
Build info: version: &amp;apos;3.141.59&amp;apos;, revision: &amp;apos;e82be7d358&amp;apos;, time: &amp;apos;2018-11-14T08:17:03&amp;apos;
System info: host: &amp;apos;DESKTOP-20N6VSN&amp;apos;, ip: &amp;apos;192.168.99.1&amp;apos;, os.name: &amp;apos;Windows 8.1&amp;apos;, os.arch: &amp;apos;amd64&amp;apos;, os.version: &amp;apos;6.3&amp;apos;, java.version: &amp;apos;1.8.0_51&amp;apos;
Driver info: org.openqa.selenium.chrome.ChromeDriver
Capabilities {acceptInsecureCerts: false, browserName: chrome, browserVersion: 80.0.3987.149, chrome: {chromedriverVersion: 79.0.3945.36 (3582db32b3389..., userDataDir: C:\Users\Acer\AppData\Local...}, goog:chromeOptions: {debuggerAddress: localhost:64602}, javascriptEnabled: true, networkConnectionEnabled: false, pageLoadStrategy: normal, platform: WINDOWS, platformName: WINDOWS, proxy: Proxy(), setWindowRect: true, strictFileInteractability: false, timeouts: {implicit: 0, pageLoad: 300000, script: 30000}, unhandledPromptBehavior: dismiss and notify}
Session ID: 3ab5edd33f444e028160d7cecf1d73af
*** Element info: {Using=xpath, value=//a[@class=&amp;apos;account&amp;apos;]//span}">
      <![CDATA[org.openqa.selenium.NoSuchElementException: no such element: Unable to locate element: {"method":"xpath","selector":"//a[@class='account']//span"}
  (Session info: chrome=80.0.3987.149)
For documentation on this error, please visit: https://www.seleniumhq.org/exceptions/no_such_element.html
Build info: version: '3.141.59', revision: 'e82be7d358', time: '2018-11-14T08:17:03'
System info: host: 'DESKTOP-20N6VSN', ip: '192.168.99.1', os.name: 'Windows 8.1', os.arch: 'amd64', os.version: '6.3', java.version: '1.8.0_51'
Driver info: org.openqa.selenium.chrome.ChromeDriver
Capabilities {acceptInsecureCerts: false, browserName: chrome, browserVersion: 80.0.3987.149, chrome: {chromedriverVersion: 79.0.3945.36 (3582db32b3389..., userDataDir: C:\Users\Acer\AppData\Local...}, goog:chromeOptions: {debuggerAddress: localhost:64602}, javascriptEnabled: true, networkConnectionEnabled: false, pageLoadStrategy: normal, platform: WINDOWS, platformName: WINDOWS, proxy: Proxy(), setWindowRect: true, strictFileInteractability: false, timeouts: {implicit: 0, pageLoad: 300000, script: 30000}, unhandledPromptBehavior: dismiss and notify}
Session ID: 3ab5edd33f444e028160d7cecf1d73af
*** Element info: {Using=xpath, value=//a[@class='account']//span}
at org.openqa.selenium.remote.http.W3CHttpResponseCodec.createException(W3CHttpResponseCodec.java:187)
at org.openqa.selenium.remote.http.W3CHttpResponseCodec.decode(W3CHttpResponseCodec.java:122)
at org.openqa.selenium.remote.http.W3CHttpResponseCodec.decode(W3CHttpResponseCodec.java:49)
at org.openqa.selenium.remote.HttpCommandExecutor.execute(HttpCommandExecutor.java:158)
at org.openqa.selenium.remote.service.DriverCommandExecutor.execute(DriverCommandExecutor.java:83)
at org.openqa.selenium.remote.RemoteWebDriver.execute(RemoteWebDriver.java:552)
at org.openqa.selenium.remote.RemoteWebDriver.findElement(RemoteWebDriver.java:323)
at org.openqa.selenium.remote.RemoteWebDriver.findElementByXPath(RemoteWebDriver.java:428)
at org.openqa.selenium.By$ByXPath.findElement(By.java:353)
at org.openqa.selenium.remote.RemoteWebDriver.findElement(RemoteWebDriver.java:315)
at org.openqa.selenium.support.pagefactory.DefaultElementLocator.findElement(DefaultElementLocator.java:69)
at org.openqa.selenium.support.pagefactory.internal.LocatingElementHandler.invoke(LocatingElementHandler.java:38)
at com.sun.proxy.$Proxy9.isDisplayed(Unknown Source)
at com.pages.LoginPage.verifyLogin(LoginPage.java:36)
at com.tests.LoginPageTest.verifyLoginTest(LoginPageTest.java:52)
at java.util.ArrayList.forEach(ArrayList.java:1249)
... Removed 32 stack frames]]>
    </failure>
  </testcase> <!-- verifyLoginTest -->
  <testcase name="verifyAccountPageTitleTest" time="0.017" classname="com.tests.LoginPageTest">
    <skipped/>
  </testcase> <!-- verifyAccountPageTitleTest -->
  <testcase name="verifyAccountPageTitleTest" time="0.012" classname="com.tests.LoginPageTest">
    <skipped/>
  </testcase> <!-- verifyAccountPageTitleTest -->
  <testcase name="verifyAccountPageTitleTest" time="0.012" classname="com.tests.LoginPageTest">
    <failure type="java.lang.AssertionError" message="page title not matched expected [My account - My Store] but found [Login - My Store]">
      <![CDATA[java.lang.AssertionError: page title not matched expected [My account - My Store] but found [Login - My Store]
at com.tests.LoginPageTest.verifyAccountPageTitleTest(LoginPageTest.java:59)
at java.util.ArrayList.forEach(ArrayList.java:1249)
... Removed 32 stack frames]]>
    </failure>
  </testcase> <!-- verifyAccountPageTitleTest -->
  <testcase name="verifyLoginTest" time="0.0" classname="com.tests.AddToCartPageTest">
    <skipped/>
  </testcase> <!-- verifyLoginTest -->
  <testcase name="verifyWomenStorePageTitle" time="0.0" classname="com.tests.AddToCartPageTest">
    <skipped/>
  </testcase> <!-- verifyWomenStorePageTitle -->
  <testcase name="verifyaddProductToCartTest" time="0.0" classname="com.tests.AddToCartPageTest">
    <skipped/>
  </testcase> <!-- verifyaddProductToCartTest -->
  <testcase name="navigateToCheckoutPageTest" time="0.0" classname="com.tests.AddToCartPageTest">
    <skipped/>
  </testcase> <!-- navigateToCheckoutPageTest -->
>>>>>>> 0b7084c627ade4ac05962fefffb3782abf1a2995
</testsuite> <!-- Test -->
