<!DOCTYPE html PUBLIC "-//W3C//DTD XHTML 1.1//EN" "http://www.w3.org/TR/xhtml11/DTD/xhtml11.dtd">
<<<<<<< HEAD
<html xmlns="http://www.w3.org/1999/xhtml"><head><title>TestNG Report</title><style type="text/css">table {margin-bottom:10px;border-collapse:collapse;empty-cells:show}th,td {border:1px solid #009;padding:.25em .5em}th {vertical-align:bottom}td {vertical-align:top}table a {font-weight:bold}.stripe td {background-color: #E6EBF9}.num {text-align:right}.passedodd td {background-color: #3F3}.passedeven td {background-color: #0A0}.skippedodd td {background-color: #DDD}.skippedeven td {background-color: #CCC}.failedodd td,.attn {background-color: #F33}.failedeven td,.stripe .attn {background-color: #D00}.stacktrace {white-space:pre;font-family:monospace}.totop {font-size:85%;text-align:center;border-bottom:2px solid #000}</style></head><body><table><tr><th>Test</th><th># Passed</th><th># Skipped</th><th># Failed</th><th>Time (ms)</th><th>Included Groups</th><th>Excluded Groups</th></tr><tr><th colspan="7">Suite</th></tr><tr><td><a href="#t0">Test</a></td><td class="num">19</td><td class="num attn">4</td><td class="num attn">2</td><td class="num">153,929</td><td></td><td></td></tr></table><table><thead><tr><th>Class</th><th>Method</th><th>Start</th><th>Time (ms)</th></tr></thead><tbody><tr><th colspan="4">Suite</th></tr></tbody><tbody id="t0"><tr><th colspan="4">Test &#8212; failed</th></tr><tr class="failedeven"><td rowspan="1">com.tests.CreateAccountPageTest</td><td><a href="#m0">verifyAccountTest</a></td><td rowspan="1">1586065493846</td><td rowspan="1">125</td></tr><tr class="failedodd"><td rowspan="1">com.tests.LoginPageTest</td><td><a href="#m1">verifyLoginPageTitleTest</a></td><td rowspan="1">1586065514624</td><td rowspan="1">1926</td></tr><tr><th colspan="4">Test &#8212; skipped</th></tr><tr class="skippedeven"><td rowspan="2">com.tests.CreateAccountPageTest</td><td><a href="#m2">verifyAccountTest</a></td><td rowspan="2">1586065493502</td><td rowspan="2">197</td></tr><tr class="skippedeven"><td><a href="#m3">verifyAccountTest</a></td></tr><tr class="skippedodd"><td rowspan="2">com.tests.LoginPageTest</td><td><a href="#m4">verifyLoginPageTitleTest</a></td><td rowspan="2">1586065510795</td><td rowspan="2">1563</td></tr><tr class="skippedodd"><td><a href="#m5">verifyLoginPageTitleTest</a></td></tr><tr><th colspan="4">Test &#8212; passed</th></tr><tr class="passedeven"><td rowspan="4">com.tests.AddToCartPageTest</td><td><a href="#m6">navigateToCheckoutPageTest</a></td><td rowspan="1">1586065563009</td><td rowspan="1">2011</td></tr><tr class="passedeven"><td><a href="#m7">verifyLoginTest</a></td><td rowspan="1">1586065547228</td><td rowspan="1">139</td></tr><tr class="passedeven"><td><a href="#m8">verifyWomenStorePageTitle</a></td><td rowspan="1">1586065547369</td><td rowspan="1">5885</td></tr><tr class="passedeven"><td><a href="#m9">verifyaddProductToCartTest</a></td><td rowspan="1">1586065553256</td><td rowspan="1">9750</td></tr><tr class="passedodd"><td rowspan="10">com.tests.CheckoutProcessPageTest</td><td><a href="#m10">checkTermsOfService</a></td><td rowspan="1">1586065603611</td><td rowspan="1">6067</td></tr><tr class="passedodd"><td><a href="#m11">navigateToCheckoutPageTest</a></td><td rowspan="1">1586065600489</td><td rowspan="1">2667</td></tr><tr class="passedodd"><td><a href="#m12">paymentProcessTest</a></td><td rowspan="1">1586065609910</td><td rowspan="1">5898</td></tr><tr class="passedodd"><td><a href="#m13">verifyAmountOrderHistoryTest</a></td><td rowspan="1">1586065615954</td><td rowspan="1">4319</td></tr><tr class="passedodd"><td><a href="#m14">verifyOrderConfirmationPageTitleTest</a></td><td rowspan="1">1586065615822</td><td rowspan="1">35</td></tr><tr class="passedodd"><td><a href="#m15">verifyOrderPageTitleTest</a></td><td rowspan="1">1586065603161</td><td rowspan="1">30</td></tr><tr class="passedodd"><td><a href="#m16">verifyPaymentTab</a></td><td rowspan="1">1586065609680</td><td rowspan="1">230</td></tr><tr class="passedodd"><td><a href="#m17">verifySummaryTab</a></td><td rowspan="1">1586065603193</td><td rowspan="1">415</td></tr><tr class="passedodd"><td><a href="#m18">verifyaddProductToCartTest</a></td><td rowspan="1">1586065587136</td><td rowspan="1">13351</td></tr><tr class="passedodd"><td><a href="#m19">verifyorderConfirmationMsgTest</a></td><td rowspan="1">1586065615864</td><td rowspan="1">85</td></tr><tr class="passedeven"><td rowspan="2">com.tests.CreateAccountPageTest</td><td><a href="#m20">createAccountTest</a></td><td rowspan="1">1586065485315</td><td rowspan="1">8172</td></tr><tr class="passedeven"><td><a href="#m21">verifyLoginPageTitleTest</a></td><td rowspan="1">1586065482847</td><td rowspan="1">2463</td></tr><tr class="passedodd"><td rowspan="3">com.tests.LoginPageTest</td><td><a href="#m22">loginTest</a></td><td rowspan="1">1586065517217</td><td rowspan="1">2740</td></tr><tr class="passedodd"><td><a href="#m23">verifyAccountPageTitleTest</a></td><td rowspan="1">1586065520108</td><td rowspan="1">18</td></tr><tr class="passedodd"><td><a href="#m24">verifyLoginTest</a></td><td rowspan="1">1586065519977</td><td rowspan="1">129</td></tr></tbody></table><h2>Test</h2><h3 id="m0">com.tests.CreateAccountPageTest#verifyAccountTest</h3><table class="result"><tr><th>Exception</th></tr><tr><td><div class="stacktrace">java.lang.AssertionError: user not matched expected [SidhiPatel] but found [Sidhi Patel]
	at com.tests.CreateAccountPageTest.verifyAccountTest(CreateAccountPageTest.java:41)
... Removed 30 stack frames</div></td></tr></table><p class="totop"><a href="#summary">back to summary</a></p><h3 id="m1">com.tests.LoginPageTest#verifyLoginPageTitleTest</h3><table class="result"><tr><th>Exception</th></tr><tr><td><div class="stacktrace">java.lang.AssertionError: expected [Login - My Store.] but found [Login - My Store]
	at com.tests.LoginPageTest.verifyLoginPageTitleTest(LoginPageTest.java:39)
... Removed 31 stack frames</div></td></tr></table><p class="totop"><a href="#summary">back to summary</a></p><h3 id="m2">com.tests.CreateAccountPageTest#verifyAccountTest</h3><table class="result"><tr><th>Exception</th></tr><tr><td><div class="stacktrace">java.lang.AssertionError: user not matched expected [SidhiPatel] but found [Sidhi Patel]
	at com.tests.CreateAccountPageTest.verifyAccountTest(CreateAccountPageTest.java:41)
... Removed 30 stack frames</div></td></tr></table><p class="totop"><a href="#summary">back to summary</a></p><h3 id="m3">com.tests.CreateAccountPageTest#verifyAccountTest</h3><table class="result"><tr><th>Exception</th></tr><tr><td><div class="stacktrace">java.lang.AssertionError: user not matched expected [SidhiPatel] but found [Sidhi Patel]
	at com.tests.CreateAccountPageTest.verifyAccountTest(CreateAccountPageTest.java:41)
... Removed 30 stack frames</div></td></tr></table><p class="totop"><a href="#summary">back to summary</a></p><h3 id="m4">com.tests.LoginPageTest#verifyLoginPageTitleTest</h3><table class="result"><tr><th>Exception</th></tr><tr><td><div class="stacktrace">java.lang.AssertionError: expected [Login - My Store.] but found [Login - My Store]
	at com.tests.LoginPageTest.verifyLoginPageTitleTest(LoginPageTest.java:39)
... Removed 31 stack frames</div></td></tr></table><p class="totop"><a href="#summary">back to summary</a></p><h3 id="m5">com.tests.LoginPageTest#verifyLoginPageTitleTest</h3><table class="result"><tr><th>Exception</th></tr><tr><td><div class="stacktrace">java.lang.AssertionError: expected [Login - My Store.] but found [Login - My Store]
	at com.tests.LoginPageTest.verifyLoginPageTitleTest(LoginPageTest.java:39)
... Removed 31 stack frames</div></td></tr></table><p class="totop"><a href="#summary">back to summary</a></p><h3 id="m6">com.tests.AddToCartPageTest#navigateToCheckoutPageTest</h3><table class="result"></table><p class="totop"><a href="#summary">back to summary</a></p><h3 id="m7">com.tests.AddToCartPageTest#verifyLoginTest</h3><table class="result"></table><p class="totop"><a href="#summary">back to summary</a></p><h3 id="m8">com.tests.AddToCartPageTest#verifyWomenStorePageTitle</h3><table class="result"></table><p class="totop"><a href="#summary">back to summary</a></p><h3 id="m9">com.tests.AddToCartPageTest#verifyaddProductToCartTest</h3><table class="result"></table><p class="totop"><a href="#summary">back to summary</a></p><h3 id="m10">com.tests.CheckoutProcessPageTest#checkTermsOfService</h3><table class="result"></table><p class="totop"><a href="#summary">back to summary</a></p><h3 id="m11">com.tests.CheckoutProcessPageTest#navigateToCheckoutPageTest</h3><table class="result"></table><p class="totop"><a href="#summary">back to summary</a></p><h3 id="m12">com.tests.CheckoutProcessPageTest#paymentProcessTest</h3><table class="result"></table><p class="totop"><a href="#summary">back to summary</a></p><h3 id="m13">com.tests.CheckoutProcessPageTest#verifyAmountOrderHistoryTest</h3><table class="result"></table><p class="totop"><a href="#summary">back to summary</a></p><h3 id="m14">com.tests.CheckoutProcessPageTest#verifyOrderConfirmationPageTitleTest</h3><table class="result"></table><p class="totop"><a href="#summary">back to summary</a></p><h3 id="m15">com.tests.CheckoutProcessPageTest#verifyOrderPageTitleTest</h3><table class="result"></table><p class="totop"><a href="#summary">back to summary</a></p><h3 id="m16">com.tests.CheckoutProcessPageTest#verifyPaymentTab</h3><table class="result"></table><p class="totop"><a href="#summary">back to summary</a></p><h3 id="m17">com.tests.CheckoutProcessPageTest#verifySummaryTab</h3><table class="result"></table><p class="totop"><a href="#summary">back to summary</a></p><h3 id="m18">com.tests.CheckoutProcessPageTest#verifyaddProductToCartTest</h3><table class="result"></table><p class="totop"><a href="#summary">back to summary</a></p><h3 id="m19">com.tests.CheckoutProcessPageTest#verifyorderConfirmationMsgTest</h3><table class="result"></table><p class="totop"><a href="#summary">back to summary</a></p><h3 id="m20">com.tests.CreateAccountPageTest#createAccountTest</h3><table class="result"></table><p class="totop"><a href="#summary">back to summary</a></p><h3 id="m21">com.tests.CreateAccountPageTest#verifyLoginPageTitleTest</h3><table class="result"></table><p class="totop"><a href="#summary">back to summary</a></p><h3 id="m22">com.tests.LoginPageTest#loginTest</h3><table class="result"></table><p class="totop"><a href="#summary">back to summary</a></p><h3 id="m23">com.tests.LoginPageTest#verifyAccountPageTitleTest</h3><table class="result"></table><p class="totop"><a href="#summary">back to summary</a></p><h3 id="m24">com.tests.LoginPageTest#verifyLoginTest</h3><table class="result"></table><p class="totop"><a href="#summary">back to summary</a></p></body></html>
=======
<html xmlns="http://www.w3.org/1999/xhtml">
<head>
<meta http-equiv="content-type" content="text/html; charset=UTF-8"/>
<title>TestNG Report</title>
<style type="text/css">table {margin-bottom:10px;border-collapse:collapse;empty-cells:show}th,td {border:1px solid #009;padding:.25em .5em}th {vertical-align:bottom}td {vertical-align:top}table a {font-weight:bold}.stripe td {background-color: #E6EBF9}.num {text-align:right}.passedodd td {background-color: #3F3}.passedeven td {background-color: #0A0}.skippedodd td {background-color: #DDD}.skippedeven td {background-color: #CCC}.failedodd td,.attn {background-color: #F33}.failedeven td,.stripe .attn {background-color: #D00}.stacktrace {white-space:pre;font-family:monospace}.totop {font-size:85%;text-align:center;border-bottom:2px solid #000}.invisible {display:none}</style>
</head>
<body>
<table>
<tr><th>Test</th><th># Passed</th><th># Skipped</th><th># Retried</th><th># Failed</th><th>Time (ms)</th><th>Included Groups</th><th>Excluded Groups</th></tr>
<tr><th colspan="7">Suite</th></tr>
<tr><td><a href="#t0">Test</a></td><td class="num">0</td><td class="num attn">4</td><td class="num attn">8</td><td class="num attn">4</td><td class="num">498,496</td><td></td><td></td></tr>
</table>
<table id='summary'><thead><tr><th>Class</th><th>Method</th><th>Start</th><th>Time (ms)</th></tr></thead><tbody><tr><th colspan="4">Suite</th></tr></tbody><tbody id="t0"><tr><th colspan="4">Test &#8212; failed (configuration methods)</th></tr><tr class="failedeven"><td rowspan="1">com.tests.AddToCartPageTest</td><td><a href="#m0">setUp</a></td><td rowspan="1">1585142433804</td><td rowspan="1">312852</td></tr><tr><th colspan="4">Test &#8212; failed</th></tr><tr class="failedeven"><td rowspan="4">com.tests.LoginPageTest</td><td><a href="#m1">loginTest</a></td><td rowspan="1">1585142385456</td><td rowspan="1">31</td></tr><tr class="failedeven"><td><a href="#m2">verifyAccountPageTitleTest</a></td><td rowspan="1">1585142432209</td><td rowspan="1">12</td></tr><tr class="failedeven"><td><a href="#m3">verifyLoginPageTitleTest</a></td><td rowspan="1">1585142370266</td><td rowspan="1">14094</td></tr><tr class="failedeven"><td><a href="#m4">verifyLoginTest</a></td><td rowspan="1">1585142416448</td><td rowspan="1">15033</td></tr><tr><th colspan="4">Test &#8212; skipped (configuration methods)</th></tr><tr class="skippedeven"><td rowspan="1">com.tests.AddToCartPageTest</td><td><a href="#m5">tearDown</a></td><td rowspan="1">1585142746806</td><td rowspan="1">-1585142746806</td></tr><tr><th colspan="4">Test &#8212; skipped</th></tr><tr class="skippedeven"><td rowspan="4">com.tests.AddToCartPageTest</td><td><a href="#m6">navigateToCheckoutPageTest</a></td><td rowspan="1">1585142746770</td><td rowspan="1">0</td></tr><tr class="skippedeven"><td><a href="#m7">verifyLoginTest</a></td><td rowspan="1">1585142746705</td><td rowspan="1">0</td></tr><tr class="skippedeven"><td><a href="#m8">verifyWomenStorePageTitle</a></td><td rowspan="1">1585142746717</td><td rowspan="1">0</td></tr><tr class="skippedeven"><td><a href="#m9">verifyaddProductToCartTest</a></td><td rowspan="1">1585142746722</td><td rowspan="1">0</td></tr><tr><th colspan="4">Test &#8212; retried</th></tr><tr class="retriedeven"><td rowspan="8">com.tests.LoginPageTest</td><td><a href="#m10">loginTest</a></td><td rowspan="2">1585142385372</td><td rowspan="2">38</td></tr><tr class="retriedeven"><td><a href="#m11">loginTest</a></td></tr><tr class="retriedeven"><td><a href="#m12">verifyAccountPageTitleTest</a></td><td rowspan="2">1585142432172</td><td rowspan="2">17</td></tr><tr class="retriedeven"><td><a href="#m13">verifyAccountPageTitleTest</a></td></tr><tr class="retriedeven"><td><a href="#m14">verifyLoginPageTitleTest</a></td><td rowspan="2">1585142365857</td><td rowspan="2">4405</td></tr><tr class="retriedeven"><td><a href="#m15">verifyLoginPageTitleTest</a></td></tr><tr class="retriedeven"><td><a href="#m16">verifyLoginTest</a></td><td rowspan="2">1585142401418</td><td rowspan="2">15024</td></tr><tr class="retriedeven"><td><a href="#m17">verifyLoginTest</a></td></tr></tbody>
</table>
<h2>Test</h2><h3 id="m0">com.tests.AddToCartPageTest#setUp</h3><table class="result"><tr><th>Exception</th></tr><tr><td><div class="stacktrace">org.openqa.selenium.TimeoutException: timeout
  (Session info: chrome=80.0.3987.149)
Build info: version: &apos;3.141.59&apos;, revision: &apos;e82be7d358&apos;, time: &apos;2018-11-14T08:17:03&apos;
System info: host: &apos;DESKTOP-20N6VSN&apos;, ip: &apos;192.168.99.1&apos;, os.name: &apos;Windows 8.1&apos;, os.arch: &apos;amd64&apos;, os.version: &apos;6.3&apos;, java.version: &apos;1.8.0_51&apos;
Driver info: org.openqa.selenium.chrome.ChromeDriver
Capabilities {acceptInsecureCerts: false, browserName: chrome, browserVersion: 80.0.3987.149, chrome: {chromedriverVersion: 79.0.3945.36 (3582db32b3389..., userDataDir: C:\Users\Acer\AppData\Local...}, goog:chromeOptions: {debuggerAddress: localhost:64747}, javascriptEnabled: true, networkConnectionEnabled: false, pageLoadStrategy: normal, platform: WINDOWS, platformName: WINDOWS, proxy: Proxy(), setWindowRect: true, strictFileInteractability: false, timeouts: {implicit: 0, pageLoad: 300000, script: 30000}, unhandledPromptBehavior: dismiss and notify}
Session ID: 3fd10fe34d1ea8e207ee2f1d34b58aa1
	at org.openqa.selenium.remote.http.W3CHttpResponseCodec.createException(W3CHttpResponseCodec.java:187)
	at org.openqa.selenium.remote.http.W3CHttpResponseCodec.decode(W3CHttpResponseCodec.java:122)
	at org.openqa.selenium.remote.http.W3CHttpResponseCodec.decode(W3CHttpResponseCodec.java:49)
	at org.openqa.selenium.remote.HttpCommandExecutor.execute(HttpCommandExecutor.java:158)
	at org.openqa.selenium.remote.service.DriverCommandExecutor.execute(DriverCommandExecutor.java:83)
	at org.openqa.selenium.remote.RemoteWebDriver.execute(RemoteWebDriver.java:552)
	at org.openqa.selenium.remote.RemoteWebDriver.get(RemoteWebDriver.java:277)
	at com.base.base.initialization(base.java:44)
	at com.tests.AddToCartPageTest.setUp(AddToCartPageTest.java:25)
	at java.util.ArrayList.forEach(ArrayList.java:1249)
... Removed 30 stack frames</div></td></tr></table><p class="totop"><a href="#summary">back to summary</a></p>
<h3 id="m1">com.tests.LoginPageTest#loginTest</h3><table class="result"><tr><th>Exception</th></tr><tr><td><div class="stacktrace">java.lang.IllegalArgumentException: Keys to send should be a not null CharSequence
	at org.openqa.selenium.remote.RemoteWebElement.sendKeys(RemoteWebElement.java:97)
	at org.openqa.selenium.support.pagefactory.internal.LocatingElementHandler.invoke(LocatingElementHandler.java:51)
	at com.sun.proxy.$Proxy9.sendKeys(Unknown Source)
	at com.pages.LoginPage.login(LoginPage.java:30)
	at com.tests.LoginPageTest.loginTest(LoginPageTest.java:47)
	at java.util.ArrayList.forEach(ArrayList.java:1249)
... Removed 32 stack frames</div></td></tr></table><p class="totop"><a href="#summary">back to summary</a></p>
<h3 id="m2">com.tests.LoginPageTest#verifyAccountPageTitleTest</h3><table class="result"><tr><th>Exception</th></tr><tr><td><div class="stacktrace">java.lang.AssertionError: page title not matched expected [My account - My Store] but found [Login - My Store]
	at com.tests.LoginPageTest.verifyAccountPageTitleTest(LoginPageTest.java:59)
	at java.util.ArrayList.forEach(ArrayList.java:1249)
... Removed 32 stack frames</div></td></tr></table><p class="totop"><a href="#summary">back to summary</a></p>
<h3 id="m3">com.tests.LoginPageTest#verifyLoginPageTitleTest</h3><table class="result"><tr><th>Exception</th></tr><tr><td><div class="stacktrace">java.lang.AssertionError: expected [Login - My Store.] but found [Login - My Store]
	at com.tests.LoginPageTest.verifyLoginPageTitleTest(LoginPageTest.java:39)
	at java.util.ArrayList.forEach(ArrayList.java:1249)
... Removed 33 stack frames</div></td></tr></table><p class="totop"><a href="#summary">back to summary</a></p>
<h3 id="m4">com.tests.LoginPageTest#verifyLoginTest</h3><table class="result"><tr><th>Exception</th></tr><tr><td><div class="stacktrace">org.openqa.selenium.NoSuchElementException: no such element: Unable to locate element: {&quot;method&quot;:&quot;xpath&quot;,&quot;selector&quot;:&quot;//a[@class=&apos;account&apos;]//span&quot;}
  (Session info: chrome=80.0.3987.149)
For documentation on this error, please visit: https://www.seleniumhq.org/exceptions/no_such_element.html
Build info: version: &apos;3.141.59&apos;, revision: &apos;e82be7d358&apos;, time: &apos;2018-11-14T08:17:03&apos;
System info: host: &apos;DESKTOP-20N6VSN&apos;, ip: &apos;192.168.99.1&apos;, os.name: &apos;Windows 8.1&apos;, os.arch: &apos;amd64&apos;, os.version: &apos;6.3&apos;, java.version: &apos;1.8.0_51&apos;
Driver info: org.openqa.selenium.chrome.ChromeDriver
Capabilities {acceptInsecureCerts: false, browserName: chrome, browserVersion: 80.0.3987.149, chrome: {chromedriverVersion: 79.0.3945.36 (3582db32b3389..., userDataDir: C:\Users\Acer\AppData\Local...}, goog:chromeOptions: {debuggerAddress: localhost:64602}, javascriptEnabled: true, networkConnectionEnabled: false, pageLoadStrategy: normal, platform: WINDOWS, platformName: WINDOWS, proxy: Proxy(), setWindowRect: true, strictFileInteractability: false, timeouts: {implicit: 0, pageLoad: 300000, script: 30000}, unhandledPromptBehavior: dismiss and notify}
Session ID: 3ab5edd33f444e028160d7cecf1d73af
*** Element info: {Using=xpath, value=//a[@class=&apos;account&apos;]//span}
	at org.openqa.selenium.remote.http.W3CHttpResponseCodec.createException(W3CHttpResponseCodec.java:187)
	at org.openqa.selenium.remote.http.W3CHttpResponseCodec.decode(W3CHttpResponseCodec.java:122)
	at org.openqa.selenium.remote.http.W3CHttpResponseCodec.decode(W3CHttpResponseCodec.java:49)
	at org.openqa.selenium.remote.HttpCommandExecutor.execute(HttpCommandExecutor.java:158)
	at org.openqa.selenium.remote.service.DriverCommandExecutor.execute(DriverCommandExecutor.java:83)
	at org.openqa.selenium.remote.RemoteWebDriver.execute(RemoteWebDriver.java:552)
	at org.openqa.selenium.remote.RemoteWebDriver.findElement(RemoteWebDriver.java:323)
	at org.openqa.selenium.remote.RemoteWebDriver.findElementByXPath(RemoteWebDriver.java:428)
	at org.openqa.selenium.By$ByXPath.findElement(By.java:353)
	at org.openqa.selenium.remote.RemoteWebDriver.findElement(RemoteWebDriver.java:315)
	at org.openqa.selenium.support.pagefactory.DefaultElementLocator.findElement(DefaultElementLocator.java:69)
	at org.openqa.selenium.support.pagefactory.internal.LocatingElementHandler.invoke(LocatingElementHandler.java:38)
	at com.sun.proxy.$Proxy9.isDisplayed(Unknown Source)
	at com.pages.LoginPage.verifyLogin(LoginPage.java:36)
	at com.tests.LoginPageTest.verifyLoginTest(LoginPageTest.java:52)
	at java.util.ArrayList.forEach(ArrayList.java:1249)
... Removed 32 stack frames</div></td></tr></table><p class="totop"><a href="#summary">back to summary</a></p>
<h3 id="m5">com.tests.AddToCartPageTest#tearDown</h3><table class="result"><tr><th class="invisible"/></tr></table><p class="totop"><a href="#summary">back to summary</a></p>
<h3 id="m6">com.tests.AddToCartPageTest#navigateToCheckoutPageTest</h3><table class="result"><tr><th>Exception</th></tr><tr><td><div class="stacktrace">org.openqa.selenium.TimeoutException: timeout
  (Session info: chrome=80.0.3987.149)
Build info: version: &apos;3.141.59&apos;, revision: &apos;e82be7d358&apos;, time: &apos;2018-11-14T08:17:03&apos;
System info: host: &apos;DESKTOP-20N6VSN&apos;, ip: &apos;192.168.99.1&apos;, os.name: &apos;Windows 8.1&apos;, os.arch: &apos;amd64&apos;, os.version: &apos;6.3&apos;, java.version: &apos;1.8.0_51&apos;
Driver info: org.openqa.selenium.chrome.ChromeDriver
Capabilities {acceptInsecureCerts: false, browserName: chrome, browserVersion: 80.0.3987.149, chrome: {chromedriverVersion: 79.0.3945.36 (3582db32b3389..., userDataDir: C:\Users\Acer\AppData\Local...}, goog:chromeOptions: {debuggerAddress: localhost:64747}, javascriptEnabled: true, networkConnectionEnabled: false, pageLoadStrategy: normal, platform: WINDOWS, platformName: WINDOWS, proxy: Proxy(), setWindowRect: true, strictFileInteractability: false, timeouts: {implicit: 0, pageLoad: 300000, script: 30000}, unhandledPromptBehavior: dismiss and notify}
Session ID: 3fd10fe34d1ea8e207ee2f1d34b58aa1
	at org.openqa.selenium.remote.http.W3CHttpResponseCodec.createException(W3CHttpResponseCodec.java:187)
	at org.openqa.selenium.remote.http.W3CHttpResponseCodec.decode(W3CHttpResponseCodec.java:122)
	at org.openqa.selenium.remote.http.W3CHttpResponseCodec.decode(W3CHttpResponseCodec.java:49)
	at org.openqa.selenium.remote.HttpCommandExecutor.execute(HttpCommandExecutor.java:158)
	at org.openqa.selenium.remote.service.DriverCommandExecutor.execute(DriverCommandExecutor.java:83)
	at org.openqa.selenium.remote.RemoteWebDriver.execute(RemoteWebDriver.java:552)
	at org.openqa.selenium.remote.RemoteWebDriver.get(RemoteWebDriver.java:277)
	at com.base.base.initialization(base.java:44)
	at com.tests.AddToCartPageTest.setUp(AddToCartPageTest.java:25)
	at java.util.ArrayList.forEach(ArrayList.java:1249)
... Removed 30 stack frames</div></td></tr></table><p class="totop"><a href="#summary">back to summary</a></p>
<h3 id="m7">com.tests.AddToCartPageTest#verifyLoginTest</h3><table class="result"><tr><th>Exception</th></tr><tr><td><div class="stacktrace">org.openqa.selenium.TimeoutException: timeout
  (Session info: chrome=80.0.3987.149)
Build info: version: &apos;3.141.59&apos;, revision: &apos;e82be7d358&apos;, time: &apos;2018-11-14T08:17:03&apos;
System info: host: &apos;DESKTOP-20N6VSN&apos;, ip: &apos;192.168.99.1&apos;, os.name: &apos;Windows 8.1&apos;, os.arch: &apos;amd64&apos;, os.version: &apos;6.3&apos;, java.version: &apos;1.8.0_51&apos;
Driver info: org.openqa.selenium.chrome.ChromeDriver
Capabilities {acceptInsecureCerts: false, browserName: chrome, browserVersion: 80.0.3987.149, chrome: {chromedriverVersion: 79.0.3945.36 (3582db32b3389..., userDataDir: C:\Users\Acer\AppData\Local...}, goog:chromeOptions: {debuggerAddress: localhost:64747}, javascriptEnabled: true, networkConnectionEnabled: false, pageLoadStrategy: normal, platform: WINDOWS, platformName: WINDOWS, proxy: Proxy(), setWindowRect: true, strictFileInteractability: false, timeouts: {implicit: 0, pageLoad: 300000, script: 30000}, unhandledPromptBehavior: dismiss and notify}
Session ID: 3fd10fe34d1ea8e207ee2f1d34b58aa1
	at org.openqa.selenium.remote.http.W3CHttpResponseCodec.createException(W3CHttpResponseCodec.java:187)
	at org.openqa.selenium.remote.http.W3CHttpResponseCodec.decode(W3CHttpResponseCodec.java:122)
	at org.openqa.selenium.remote.http.W3CHttpResponseCodec.decode(W3CHttpResponseCodec.java:49)
	at org.openqa.selenium.remote.HttpCommandExecutor.execute(HttpCommandExecutor.java:158)
	at org.openqa.selenium.remote.service.DriverCommandExecutor.execute(DriverCommandExecutor.java:83)
	at org.openqa.selenium.remote.RemoteWebDriver.execute(RemoteWebDriver.java:552)
	at org.openqa.selenium.remote.RemoteWebDriver.get(RemoteWebDriver.java:277)
	at com.base.base.initialization(base.java:44)
	at com.tests.AddToCartPageTest.setUp(AddToCartPageTest.java:25)
	at java.util.ArrayList.forEach(ArrayList.java:1249)
... Removed 30 stack frames</div></td></tr></table><p class="totop"><a href="#summary">back to summary</a></p>
<h3 id="m8">com.tests.AddToCartPageTest#verifyWomenStorePageTitle</h3><table class="result"><tr><th>Exception</th></tr><tr><td><div class="stacktrace">org.openqa.selenium.TimeoutException: timeout
  (Session info: chrome=80.0.3987.149)
Build info: version: &apos;3.141.59&apos;, revision: &apos;e82be7d358&apos;, time: &apos;2018-11-14T08:17:03&apos;
System info: host: &apos;DESKTOP-20N6VSN&apos;, ip: &apos;192.168.99.1&apos;, os.name: &apos;Windows 8.1&apos;, os.arch: &apos;amd64&apos;, os.version: &apos;6.3&apos;, java.version: &apos;1.8.0_51&apos;
Driver info: org.openqa.selenium.chrome.ChromeDriver
Capabilities {acceptInsecureCerts: false, browserName: chrome, browserVersion: 80.0.3987.149, chrome: {chromedriverVersion: 79.0.3945.36 (3582db32b3389..., userDataDir: C:\Users\Acer\AppData\Local...}, goog:chromeOptions: {debuggerAddress: localhost:64747}, javascriptEnabled: true, networkConnectionEnabled: false, pageLoadStrategy: normal, platform: WINDOWS, platformName: WINDOWS, proxy: Proxy(), setWindowRect: true, strictFileInteractability: false, timeouts: {implicit: 0, pageLoad: 300000, script: 30000}, unhandledPromptBehavior: dismiss and notify}
Session ID: 3fd10fe34d1ea8e207ee2f1d34b58aa1
	at org.openqa.selenium.remote.http.W3CHttpResponseCodec.createException(W3CHttpResponseCodec.java:187)
	at org.openqa.selenium.remote.http.W3CHttpResponseCodec.decode(W3CHttpResponseCodec.java:122)
	at org.openqa.selenium.remote.http.W3CHttpResponseCodec.decode(W3CHttpResponseCodec.java:49)
	at org.openqa.selenium.remote.HttpCommandExecutor.execute(HttpCommandExecutor.java:158)
	at org.openqa.selenium.remote.service.DriverCommandExecutor.execute(DriverCommandExecutor.java:83)
	at org.openqa.selenium.remote.RemoteWebDriver.execute(RemoteWebDriver.java:552)
	at org.openqa.selenium.remote.RemoteWebDriver.get(RemoteWebDriver.java:277)
	at com.base.base.initialization(base.java:44)
	at com.tests.AddToCartPageTest.setUp(AddToCartPageTest.java:25)
	at java.util.ArrayList.forEach(ArrayList.java:1249)
... Removed 30 stack frames</div></td></tr></table><p class="totop"><a href="#summary">back to summary</a></p>
<h3 id="m9">com.tests.AddToCartPageTest#verifyaddProductToCartTest</h3><table class="result"><tr><th>Exception</th></tr><tr><td><div class="stacktrace">org.openqa.selenium.TimeoutException: timeout
  (Session info: chrome=80.0.3987.149)
Build info: version: &apos;3.141.59&apos;, revision: &apos;e82be7d358&apos;, time: &apos;2018-11-14T08:17:03&apos;
System info: host: &apos;DESKTOP-20N6VSN&apos;, ip: &apos;192.168.99.1&apos;, os.name: &apos;Windows 8.1&apos;, os.arch: &apos;amd64&apos;, os.version: &apos;6.3&apos;, java.version: &apos;1.8.0_51&apos;
Driver info: org.openqa.selenium.chrome.ChromeDriver
Capabilities {acceptInsecureCerts: false, browserName: chrome, browserVersion: 80.0.3987.149, chrome: {chromedriverVersion: 79.0.3945.36 (3582db32b3389..., userDataDir: C:\Users\Acer\AppData\Local...}, goog:chromeOptions: {debuggerAddress: localhost:64747}, javascriptEnabled: true, networkConnectionEnabled: false, pageLoadStrategy: normal, platform: WINDOWS, platformName: WINDOWS, proxy: Proxy(), setWindowRect: true, strictFileInteractability: false, timeouts: {implicit: 0, pageLoad: 300000, script: 30000}, unhandledPromptBehavior: dismiss and notify}
Session ID: 3fd10fe34d1ea8e207ee2f1d34b58aa1
	at org.openqa.selenium.remote.http.W3CHttpResponseCodec.createException(W3CHttpResponseCodec.java:187)
	at org.openqa.selenium.remote.http.W3CHttpResponseCodec.decode(W3CHttpResponseCodec.java:122)
	at org.openqa.selenium.remote.http.W3CHttpResponseCodec.decode(W3CHttpResponseCodec.java:49)
	at org.openqa.selenium.remote.HttpCommandExecutor.execute(HttpCommandExecutor.java:158)
	at org.openqa.selenium.remote.service.DriverCommandExecutor.execute(DriverCommandExecutor.java:83)
	at org.openqa.selenium.remote.RemoteWebDriver.execute(RemoteWebDriver.java:552)
	at org.openqa.selenium.remote.RemoteWebDriver.get(RemoteWebDriver.java:277)
	at com.base.base.initialization(base.java:44)
	at com.tests.AddToCartPageTest.setUp(AddToCartPageTest.java:25)
	at java.util.ArrayList.forEach(ArrayList.java:1249)
... Removed 30 stack frames</div></td></tr></table><p class="totop"><a href="#summary">back to summary</a></p>
</body>
</html>
>>>>>>> 0b7084c627ade4ac05962fefffb3782abf1a2995
